<?xml version="1.0" encoding="UTF-8"?>
<testsuite xmlns:xsi="http://www.w3.org/2001/XMLSchema-instance" xsi:noNamespaceSchemaLocation="https://maven.apache.org/surefire/maven-surefire-plugin/xsd/surefire-test-report-3.0.xsd" version="3.0" name="com.journeyplus.expense.service.ExpenseServiceTest" time="4.504" tests="14" errors="0" skipped="0" failures="0">
  <properties>
[...]
</properties>
  <testcase name="approveOrRejectExpenseClaim_ThrowsException_NonSubmitted" classname="com.journeyplus.expense.service.ExpenseServiceTest" time="4.085">
    <system-out><![CDATA[08:48:36.689 [main] INFO com.journeyplus.expense.service.ExpenseService -- Manager 'null' attempting to set status of claim ID: 1 to APPROVED
08:48:36.707 [main] WARN com.journeyplus.expense.service.ExpenseService -- Failed to review: Claim ID 1 is in state DRAFT, only SUBMITTED claims can be approved or rejected
]]></system-out>
    <system-err><![CDATA[WARNING: A Java agent has been loaded dynamically (C:\Users\2503742\.m2\repository\net\bytebuddy\byte-buddy-agent\1.14.13\byte-buddy-agent-1.14.13.jar)
WARNING: If a serviceability tool is in use, please run with -XX:+EnableDynamicAgentLoading to hide this warning
WARNING: If a serviceability tool is not in use, please run with -Djdk.instrument.traceUsage for more information
WARNING: Dynamic loading of agents will be disallowed by default in a future release
]]></system-err>
  </testcase>
  <testcase name="getExpenseClaim_Success" classname="com.journeyplus.expense.service.ExpenseServiceTest" time="0.016">
    <system-out><![CDATA[08:48:36.768 [main] INFO com.journeyplus.expense.service.ExpenseService -- Retrieving expense claim ID: 1
]]></system-out>
  </testcase>
  <testcase name="payReimbursement_Success" classname="com.journeyplus.expense.service.ExpenseServiceTest" time="0.059">
    <system-out><![CDATA[08:48:36.798 [main] INFO com.journeyplus.expense.service.ExpenseService -- Attempting to pay reimbursement for claim ID: 1, method: BANK_TRANSFER
08:48:36.800 [main] INFO com.journeyplus.expense.service.ExpenseService -- Reimbursement record created successfully for claim ID: 1, payment method: BANK_TRANSFER
08:48:36.800 [main] INFO com.journeyplus.expense.service.ExpenseService -- Publishing status event to employee ID: 10 for PAID claim ID: 1
]]></system-out>
  </testcase>
  <testcase name="getClaimsByEmployee" classname="com.journeyplus.expense.service.ExpenseServiceTest" time="0.011">
    <system-out><![CDATA[08:48:36.846 [main] INFO com.journeyplus.expense.service.ExpenseService -- Retrieving expense claims for employee ID: 10
]]></system-out>
  </testcase>
  <testcase name="addExpenseLine_Success" classname="com.journeyplus.expense.service.ExpenseServiceTest" time="0.04">
    <system-out><![CDATA[08:48:36.871 [main] INFO com.journeyplus.expense.service.ExpenseService -- Attempting to add expense line of category 'null', amount '100.00' EUR to claim ID: 1
08:48:36.874 [main] INFO com.journeyplus.expense.service.ExpenseService -- Calculated USD equivalent for line: 108.00 USD (rate: 1.08)
08:48:36.875 [main] INFO com.journeyplus.expense.service.ExpenseService -- Running compliance engine check for line ID: null
08:48:36.887 [main] INFO com.journeyplus.expense.service.ExpenseService -- Compliance check completed for line ID: null. Status: COMPLIANT, Remarks: 'null'
08:48:36.888 [main] INFO com.journeyplus.expense.service.ExpenseService -- Updated claim ID: 1 totals -> Original total: 100.00 USD, USD equivalent total: 108.00 USD
]]></system-out>
  </testcase>
  <testcase name="getExpenseClaim_ThrowsException_NotFound" classname="com.journeyplus.expense.service.ExpenseServiceTest" time="0.014">
    <system-out><![CDATA[08:48:36.906 [main] INFO com.journeyplus.expense.service.ExpenseService -- Retrieving expense claim ID: 99
08:48:36.907 [main] WARN com.journeyplus.expense.service.ExpenseService -- Lookup failed: Expense claim ID 99 not found
]]></system-out>
  </testcase>
  <testcase name="addExpenseLine_ThrowsException_NoAmount" classname="com.journeyplus.expense.service.ExpenseServiceTest" time="0.013">
    <system-out><![CDATA[08:48:36.922 [main] INFO com.journeyplus.expense.service.ExpenseService -- Attempting to add expense line of category 'null', amount 'null' null to claim ID: 1
08:48:36.923 [main] WARN com.journeyplus.expense.service.ExpenseService -- Failed to add line: Expense line amount is required
]]></system-out>
  </testcase>
  <testcase name="approveOrRejectExpenseClaim_ThrowsException_InvalidStatus" classname="com.journeyplus.expense.service.ExpenseServiceTest" time="0.014">
    <system-out><![CDATA[08:48:36.939 [main] INFO com.journeyplus.expense.service.ExpenseService -- Manager 'null' attempting to set status of claim ID: 1 to DRAFT
08:48:36.939 [main] WARN com.journeyplus.expense.service.ExpenseService -- Failed to review: Invalid target status DRAFT
]]></system-out>
  </testcase>
  <testcase name="createExpenseClaim_Success" classname="com.journeyplus.expense.service.ExpenseServiceTest" time="0.013">
    <system-out><![CDATA[08:48:36.954 [main] INFO com.journeyplus.expense.service.ExpenseService -- Attempting to create expense claim with title: 'Conference Trip'
08:48:36.955 [main] INFO com.journeyplus.expense.service.ExpenseService -- Expense claim successfully created with ID: null
]]></system-out>
  </testcase>
  <testcase name="addExpenseLine_ThrowsException_NonDraft" classname="com.journeyplus.expense.service.ExpenseServiceTest" time="0.018">
    <system-out><![CDATA[08:48:36.973 [main] INFO com.journeyplus.expense.service.ExpenseService -- Attempting to add expense line of category 'null', amount 'null' null to claim ID: 1
08:48:36.975 [main] WARN com.journeyplus.expense.service.ExpenseService -- Failed to add line: Claim ID 1 is in state SUBMITTED, only DRAFT allowed
]]></system-out>
  </testcase>
  <testcase name="submitExpenseClaim_ThrowsException_NonDraft" classname="com.journeyplus.expense.service.ExpenseServiceTest" time="0.011">
    <system-out><![CDATA[08:48:36.987 [main] INFO com.journeyplus.expense.service.ExpenseService -- Attempting to submit expense claim ID: 1
08:48:36.988 [main] WARN com.journeyplus.expense.service.ExpenseService -- Failed to submit: Claim ID 1 is in state APPROVED, only DRAFT claims can be submitted
]]></system-out>
  </testcase>
  <testcase name="approveOrRejectExpenseClaim_Success_Approve" classname="com.journeyplus.expense.service.ExpenseServiceTest" time="0.024">
    <system-out><![CDATA[08:48:37.008 [main] INFO com.journeyplus.expense.service.ExpenseService -- Manager 'mgrUser' attempting to set status of claim ID: 1 to APPROVED
08:48:37.009 [main] INFO com.journeyplus.expense.service.ExpenseService -- Claim ID: 1 status successfully updated to APPROVED by manager
08:48:37.010 [main] INFO com.journeyplus.expense.service.ExpenseService -- Publishing status event to employee ID: 10 for reviewed claim ID: 1
]]></system-out>
  </testcase>
  <testcase name="submitExpenseClaim_Success" classname="com.journeyplus.expense.service.ExpenseServiceTest" time="0.031">
    <system-out><![CDATA[08:48:37.051 [main] INFO com.journeyplus.expense.service.ExpenseService -- Attempting to submit expense claim ID: 1
08:48:37.052 [main] INFO com.journeyplus.expense.service.ExpenseService -- Expense claim ID: 1 successfully submitted
08:48:37.052 [main] INFO com.journeyplus.expense.service.ExpenseService -- Publishing status event for approving manager ID: 20 for submitted claim ID: 1
]]></system-out>
  </testcase>
  <testcase name="getLinesByClaim" classname="com.journeyplus.expense.service.ExpenseServiceTest" time="0.018">
    <system-out><![CDATA[08:48:37.074 [main] INFO com.journeyplus.expense.service.ExpenseService -- Retrieving expense lines for claim ID: 1
]]></system-out>
  </testcase>
</testsuite>